2022-07-29T14:01:57.118+0800	DEBUG	server/gin.go:75	Login :map[password:sdf a username:撒旦法]
2022-07-29T15:12:11.010+0800	DEBUG	server/gin.go:76	Login :map[password:sdf a username:撒旦法]
2022-07-29T15:36:27.481+0800	DEBUG	server/gin.go:93	Login :map[password:sdf a username:撒旦法]
2022-07-29T15:44:05.429+0800	DEBUG	server/gin.go:59	退出程序
2022-07-29T15:44:57.098+0800	INFO	server/gin.go:59	退出程序
2022-07-29T15:50:43.955+0800	DEBUG	server/gin.go:102	Login :map[password:sdf a username:撒旦法]
2022-07-29T15:50:55.398+0800	INFO	server/gin.go:60	退出程序
2022-07-29T16:06:52.869+0800	INFO	server/gin.go:60	退出程序
2022-07-29T16:21:33.832+0800	INFO	server/gin.go:60	退出程序
2022-07-29T16:22:16.784+0800	INFO	server/gin.go:60	退出程序
2022-07-29T17:39:41.807+0800	DEBUG	server/gin.go:106	Login:map[]
2022-07-29T17:39:56.372+0800	DEBUG	server/gin.go:106	Login:map[]
2022-07-29T17:40:09.453+0800	DEBUG	server/gin.go:106	Login:map[]
2022-07-29T17:40:37.471+0800	DEBUG	server/gin.go:106	Login:map[]
2022-07-29T17:41:33.454+0800	INFO	server/gin.go:68	退出程序
2022-07-29T17:41:51.882+0800	INFO	server/gin.go:68	退出程序
2022-08-01T16:00:34.391+0800	DEBUG	server/gin.go:131	Login:{{ map[RequestData:map[password:123 username:123] apitype:login]} 0 map[]   0xc0002f6100}
2022-08-01T16:00:41.211+0800	DEBUG	server/gin.go:131	Login:{{ map[RequestData:map[password:123 username:123] apitype:login]} 0 map[]   0xc0002f6100}
2022-08-01T16:02:12.874+0800	INFO	server/gin.go:98	退出程序
2022-08-01T16:02:30.592+0800	DEBUG	server/gin.go:132	Login:{{ map[RequestData:map[password:123 username:123] apitype:login]} 0 map[]   0xc00054a100}
2022-08-01T16:03:54.655+0800	DEBUG	server/gin.go:132	Login:{{ map[RequestData:map[password:a123 username:1啊23] apitype:login]} 0 map[]   0xc00054a700}
2022-08-01T16:06:43.272+0800	INFO	server/gin.go:99	退出程序
2022-08-01T16:07:10.238+0800	DEBUG	server/gin.go:132	Login:{{ map[RequestData:map[password:a123 username:1啊23] apitype:login]} 0 map[]   0xc000622300}
2022-08-01T16:07:10.270+0800	DEBUG	server/gin.go:133	map[RequestData:map[password:a123 username:1啊23] apitype:login]
2022-08-01T16:07:10.271+0800	DEBUG	server/gin.go:135	false
2022-08-01T16:07:10.271+0800	DEBUG	server/gin.go:137	false
2022-08-01T16:11:32.735+0800	DEBUG	server/gin.go:132	Login:{{login map[password:a123 username:1啊23]} 0 map[]   0xc0005aa100}
2022-08-01T16:11:32.774+0800	DEBUG	server/gin.go:133	map[password:a123 username:1啊23]login
2022-08-01T16:11:32.775+0800	DEBUG	server/gin.go:135	1啊23true
2022-08-01T16:11:32.786+0800	DEBUG	server/gin.go:137	a123true
2022-08-01T16:12:54.790+0800	DEBUG	server/gin.go:132	Login:{{ map[password:123 username:123]} 0 map[]   0xc0005aa100}
2022-08-01T16:12:54.792+0800	DEBUG	server/gin.go:133	map[password:123 username:123]
2022-08-01T16:12:54.793+0800	DEBUG	server/gin.go:135	123true
2022-08-01T16:12:54.794+0800	DEBUG	server/gin.go:137	123true
2022-08-01T16:36:23.654+0800	DEBUG	server/gin.go:132	Login:{{ map[password:123 username:123]} 0 map[]   0xc0000a8500}
2022-08-01T16:36:23.657+0800	DEBUG	server/gin.go:133	map[password:123 username:123]
2022-08-01T16:36:23.658+0800	DEBUG	server/gin.go:135	123true
2022-08-01T16:36:23.659+0800	DEBUG	server/gin.go:137	123true
2022-08-01T16:45:59.864+0800	DEBUG	server/gin.go:132	Login:{{ map[password:123 username:123]} 0 map[]   0xc0000a8600}
2022-08-01T16:45:59.867+0800	DEBUG	server/gin.go:133	map[password:123 username:123]
2022-08-01T16:45:59.869+0800	DEBUG	server/gin.go:135	123true
2022-08-01T16:45:59.880+0800	DEBUG	server/gin.go:137	123true
2022-08-01T16:48:30.532+0800	DEBUG	server/gin.go:132	Login:{{ map[password:admin username:admin]} 0 map[]   0xc0000a8800}
2022-08-01T16:48:30.532+0800	DEBUG	server/gin.go:133	map[password:admin username:admin]
2022-08-01T16:48:30.533+0800	DEBUG	server/gin.go:135	admintrue
2022-08-01T16:48:30.533+0800	DEBUG	server/gin.go:137	admintrue
2022-08-01T16:57:10.602+0800	DEBUG	server/gin.go:132	Login:{{ map[password:123 username:123]} 0 map[]   0xc0000a8600}
2022-08-01T16:57:10.634+0800	DEBUG	server/gin.go:133	map[password:123 username:123]
2022-08-01T16:57:10.635+0800	DEBUG	server/gin.go:135	123true
2022-08-01T16:57:10.637+0800	DEBUG	server/gin.go:137	123true
2022-08-01T16:57:18.312+0800	DEBUG	server/gin.go:132	Login:{{ map[password:123 username:admin]} 0 map[]   0xc0000a8600}
2022-08-01T16:57:18.312+0800	DEBUG	server/gin.go:133	map[password:123 username:admin]
2022-08-01T16:57:18.312+0800	DEBUG	server/gin.go:135	admintrue
2022-08-01T16:57:18.313+0800	DEBUG	server/gin.go:137	123true
2022-08-01T16:57:24.510+0800	DEBUG	server/gin.go:132	Login:{{ map[password:admin username:admin]} 0 map[]   0xc0000a8600}
2022-08-01T16:57:24.511+0800	DEBUG	server/gin.go:133	map[password:admin username:admin]
2022-08-01T16:57:24.511+0800	DEBUG	server/gin.go:135	admintrue
2022-08-01T16:57:24.511+0800	DEBUG	server/gin.go:137	admintrue
2022-08-01T17:02:44.686+0800	DEBUG	server/gin.go:132	Login:{{ map[password:123 username:13]} 0 map[]   0xc0000ce300}
2022-08-01T17:02:52.554+0800	DEBUG	server/gin.go:132	Login:{{ map[password:123 username:admin]} 0 map[]   0xc000626500}
2022-08-01T17:02:56.552+0800	DEBUG	server/gin.go:132	Login:{{ map[password:admin username:admin]} 0 map[]   0xc000626500}
2022-08-01T17:14:19.539+0800	INFO	server/gin.go:99	退出程序
2022-08-01T17:14:32.113+0800	INFO	server/gin.go:99	退出程序
2022-08-02T16:51:15.843+0800	INFO	server/gin.go:99	退出程序
2022-08-03T11:02:10.001+0800	INFO	server/gin.go:99	退出程序
2022-08-03T14:20:09.264+0800	INFO	server/gin.go:99	退出程序
2022-08-04T15:39:04.575+0800	INFO	server/gin.go:99	退出程序
2022-08-09T17:45:56.352+0800	INFO	server/gin.go:99	退出程序
2022-08-10T13:07:56.630+0800	INFO	server/gin.go:99	退出程序
2022-08-10T13:18:16.568+0800	INFO	server/gin.go:103	退出程序
2022-08-10T13:20:09.460+0800	INFO	server/gin.go:103	退出程序
2022-08-10T13:20:17.735+0800	DEBUG	server/gin.go:168	map[]
2022-08-10T13:21:03.679+0800	INFO	server/gin.go:103	退出程序
2022-08-10T13:21:11.759+0800	DEBUG	server/gin.go:159	map[]
2022-08-10T13:21:58.535+0800	INFO	server/gin.go:103	退出程序
2022-08-10T13:22:08.157+0800	DEBUG	server/gin.go:157	map[]
2022-08-10T13:24:05.863+0800	INFO	server/gin.go:103	退出程序
2022-08-10T13:24:11.759+0800	DEBUG	server/gin.go:155	map[]
2022-08-10T13:24:56.709+0800	INFO	server/gin.go:103	退出程序
2022-08-10T13:25:32.578+0800	DEBUG	server/gin.go:158	map[]
2022-08-10T13:26:32.588+0800	INFO	server/gin.go:103	退出程序
2022-08-10T13:26:50.845+0800	DEBUG	server/gin.go:158	map[]
2022-08-10T13:29:14.426+0800	DEBUG	server/gin.go:158	map[]
2022-08-10T13:30:37.651+0800	INFO	server/gin.go:103	退出程序
2022-08-10T13:30:51.170+0800	DEBUG	server/gin.go:164	map[id:3.345195e+06 txt:  type:1]
2022-08-10T13:32:16.882+0800	INFO	server/gin.go:103	退出程序
2022-08-10T13:33:28.983+0800	DEBUG	server/gin.go:164	map[id:3.345195e+06 txt:  type:1]
2022-08-10T13:33:28.984+0800	DEBUG	server/gin.go:165	map[icon:home-outlined page:home title:首页]
2022-08-10T13:43:52.116+0800	INFO	server/gin.go:166	map[AllMenus:[map[icon:home-outlined page:home title:首页] map[icon:user-outlined subMenus:[map[icon:team-outlined module:客户信息 page:list title:客户信息] map[module:工厂信息 page:list title:工厂信息] map[icon:database-outlined module:产品信息 page:list title:产品信息]] title:基础资料] map[subMenus:[map[module:外销合同 page:list title:外销合同] map[module:采购合同 page:list title:采购合同]] title:业务相关]]]
2022-08-10T13:45:46.380+0800	INFO	server/gin.go:166	map[AllMenus:[map[icon:home-outlined page:home title:首页] map[icon:user-outlined subMenus:[map[icon:team-outlined module:客户信息 page:list title:客户信息] map[module:工厂信息 page:list title:工厂信息] map[icon:database-outlined module:产品信息 page:list title:产品信息]] title:基础资料] map[subMenus:[map[module:外销合同 page:list title:外销合同] map[module:采购合同 page:list title:采购合同]] title:业务相关]]]
2022-08-10T13:46:34.684+0800	INFO	server/gin.go:166	map[AllMenus:[map[icon:home-outlined page:home title:首页] map[icon:user-outlined subMenus:[map[icon:team-outlined module:客户信息 page:list title:客户信息] map[module:工厂信息 page:list title:工厂信息] map[icon:database-outlined module:产品信息 page:list title:产品信息]] title:基础资料] map[subMenus:[map[module:外销合同 page:list title:外销合同] map[module:采购合同 page:list title:采购合同]] title:业务相关]]]
2022-08-10T14:01:14.265+0800	INFO	server/gin.go:166	map[AllMenus:[map[icon:home-outlined page:home title:首页] map[icon:user-outlined subMenus:[map[icon:team-outlined module:客户信息 page:list title:客户信息] map[module:工厂信息 page:list title:工厂信息] map[icon:database-outlined module:产品信息 page:list title:产品信息]] title:基础资料] map[subMenus:[map[module:外销合同 page:list title:外销合同] map[module:采购合同 page:list title:采购合同]] title:业务相关]]]
2022-08-10T14:21:52.306+0800	INFO	server/gin.go:166	map[AllMenus:[map[icon:home-outlined page:home title:首页] map[icon:user-outlined subMenus:[map[icon:team-outlined module:客户信息 page:list title:客户信息] map[module:工厂信息 page:list title:工厂信息] map[icon:database-outlined module:产品信息 page:list title:产品信息]] title:基础资料] map[subMenus:[map[module:外销合同 page:list title:外销合同] map[module:采购合同 page:list title:采购合同]] title:业务相关]]]
2022-08-10T14:22:42.542+0800	INFO	server/gin.go:166	map[AllMenus:[map[icon:home-outlined page:home title:首页] map[icon:user-outlined subMenus:[map[icon:team-outlined module:客户信息 page:list title:客户信息] map[module:工厂信息 page:list title:工厂信息] map[icon:database-outlined module:产品信息 page:list title:产品信息]] title:基础资料] map[subMenus:[map[module:外销合同 page:list title:外销合同] map[module:采购合同 page:list title:采购合同]] title:业务相关]]]
2022-08-10T14:23:03.798+0800	INFO	server/gin.go:166	map[AllMenus:[map[icon:home-outlined page:home title:首页] map[icon:user-outlined subMenus:[map[icon:team-outlined module:客户信息 page:list title:客户信息] map[module:工厂信息 page:list title:工厂信息] map[icon:database-outlined module:产品信息 page:list title:产品信息]] title:基础资料] map[subMenus:[map[module:外销合同 page:list title:外销合同] map[module:采购合同 page:list title:采购合同]] title:业务相关]]]
2022-08-10T14:23:27.119+0800	INFO	server/gin.go:166	map[AllMenus:[map[icon:home-outlined page:home title:首页] map[icon:user-outlined subMenus:[map[icon:team-outlined module:客户信息 page:list title:客户信息] map[module:工厂信息 page:list title:工厂信息] map[icon:database-outlined module:产品信息 page:list title:产品信息]] title:基础资料] map[subMenus:[map[module:外销合同 page:list title:外销合同] map[module:采购合同 page:list title:采购合同]] title:业务相关]]]
2022-08-10T14:40:07.742+0800	INFO	server/gin.go:166	map[AllMenus:[map[icon:home-outlined page:home title:首页] map[icon:user-outlined subMenus:[map[icon:team-outlined module:客户信息 page:list title:客户信息] map[module:工厂信息 page:list title:工厂信息] map[icon:database-outlined module:产品信息 page:list title:产品信息]] title:基础资料] map[subMenus:[map[module:外销合同 page:list title:外销合同] map[module:采购合同 page:list title:采购合同]] title:业务相关]]]
2022-08-10T14:40:29.221+0800	INFO	server/gin.go:166	map[AllMenus:[map[icon:home-outlined page:home title:首页] map[icon:user-outlined subMenus:[map[icon:team-outlined module:客户信息 page:list title:客户信息] map[module:工厂信息 page:list title:工厂信息] map[icon:database-outlined module:产品信息 page:list title:产品信息]] title:基础资料] map[subMenus:[map[module:外销合同 page:list title:外销合同] map[module:采购合同 page:list title:采购合同]] title:业务相关]]]
2022-08-10T14:40:45.521+0800	INFO	server/gin.go:166	map[AllMenus:[map[icon:home-outlined page:home title:首页] map[icon:user-outlined subMenus:[map[icon:team-outlined module:客户信息 page:list title:客户信息] map[module:工厂信息 page:list title:工厂信息] map[icon:database-outlined module:产品信息 page:list title:产品信息]] title:基础资料] map[subMenus:[map[module:外销合同 page:list title:外销合同] map[module:采购合同 page:list title:采购合同]] title:业务相关]]]
2022-08-10T14:41:07.850+0800	INFO	server/gin.go:166	map[AllMenus:[map[icon:home-outlined page:home title:首页] map[icon:user-outlined subMenus:[map[icon:team-outlined module:客户信息 page:list title:客户信息] map[module:工厂信息 page:list title:工厂信息] map[icon:database-outlined module:产品信息 page:list title:产品信息]] title:基础资料] map[subMenus:[map[module:外销合同 page:list title:外销合同] map[module:采购合同 page:list title:采购合同]] title:业务相关]]]
2022-08-10T14:41:22.955+0800	INFO	server/gin.go:166	map[AllMenus:[map[icon:home-outlined page:home title:首页] map[icon:user-outlined subMenus:[map[icon:team-outlined module:客户信息 page:list title:客户信息] map[module:工厂信息 page:list title:工厂信息] map[icon:database-outlined module:产品信息 page:list title:产品信息]] title:基础资料] map[subMenus:[map[module:外销合同 page:list title:外销合同] map[module:采购合同 page:list title:采购合同]] title:业务相关]]]
2022-08-10T15:34:13.402+0800	INFO	server/gin.go:166	map[AllMenus:[map[icon:home-outlined page:home title:首页] map[icon:user-outlined subMenus:[map[icon:team-outlined module:客户信息 page:list title:客户信息] map[module:工厂信息 page:list title:工厂信息] map[icon:database-outlined module:产品信息 page:list title:产品信息]] title:基础资料] map[subMenus:[map[module:外销合同 page:list title:外销合同] map[module:采购合同 page:list title:采购合同]] title:业务相关]]]
2022-08-10T15:35:55.238+0800	INFO	server/gin.go:166	map[AllMenus:[map[icon:home-outlined page:home title:首页] map[icon:user-outlined subMenus:[map[icon:team-outlined module:客户信息 page:list title:客户信息] map[module:工厂信息 page:list title:工厂信息] map[icon:database-outlined module:产品信息 page:list title:产品信息]] title:基础资料] map[subMenus:[map[module:外销合同 page:list title:外销合同] map[module:采购合同 page:list title:采购合同]] title:业务相关]]]
2022-08-10T15:51:34.348+0800	INFO	server/gin.go:103	退出程序
2022-08-10T15:55:41.201+0800	INFO	server/gin.go:166	map[AllMenus:[map[icon:home-outlined page:home title:首页] map[icon:user-outlined subMenus:[map[icon:team-outlined module:客户信息 page:list title:客户信息] map[module:工厂信息 page:list title:工厂信息] map[icon:database-outlined module:产品信息 page:list title:产品信息]] title:基础资料] map[subMenus:[map[module:外销合同 page:list title:外销合同] map[module:采购合同 page:list title:采购合同]] title:业务相关]]]
2022-08-10T15:56:25.722+0800	INFO	server/gin.go:166	map[AllMenus:[map[icon:home-outlined page:home title:首页] map[icon:user-outlined subMenus:[map[icon:team-outlined module:客户信息 page:list title:客户信息] map[module:工厂信息 page:list title:工厂信息] map[icon:database-outlined module:产品信息 page:list title:产品信息]] title:基础资料] map[subMenus:[map[module:外销合同 page:list title:外销合同] map[module:采购合同 page:list title:采购合同]] title:业务相关]]]
2022-08-10T15:56:37.820+0800	INFO	server/gin.go:166	map[AllMenus:[map[icon:home-outlined page:home title:首页] map[icon:user-outlined subMenus:[map[icon:team-outlined module:客户信息 page:list title:客户信息] map[module:工厂信息 page:list title:工厂信息] map[icon:database-outlined module:产品信息 page:list title:产品信息]] title:基础资料] map[subMenus:[map[module:外销合同 page:list title:外销合同] map[module:采购合同 page:list title:采购合同]] title:业务相关]]]
2022-08-10T15:57:21.798+0800	INFO	server/gin.go:166	map[AllMenus:[map[icon:home-outlined page:home title:首页] map[icon:user-outlined subMenus:[map[icon:team-outlined module:客户信息 page:list title:客户信息] map[module:工厂信息 page:list title:工厂信息] map[icon:database-outlined module:产品信息 page:list title:产品信息]] title:基础资料] map[subMenus:[map[module:外销合同 page:list title:外销合同] map[module:采购合同 page:list title:采购合同]] title:业务相关]]]
2022-08-10T16:06:37.283+0800	INFO	server/gin.go:166	map[AllMenus:[map[icon:home-outlined page:home title:首页] map[icon:user-outlined subMenus:[map[icon:team-outlined module:客户信息 page:list title:客户信息] map[module:工厂信息 page:list title:工厂信息] map[icon:database-outlined module:产品信息 page:list title:产品信息]] title:基础资料] map[subMenus:[map[module:外销合同 page:list title:外销合同] map[module:采购合同 page:list title:采购合同]] title:业务相关]]]
2022-08-10T16:07:53.796+0800	INFO	server/gin.go:166	map[AllMenus:[map[icon:home-outlined page:home title:首页] map[icon:user-outlined subMenus:[map[icon:team-outlined module:客户信息 page:list title:客户信息] map[module:工厂信息 page:list title:工厂信息] map[icon:database-outlined module:产品信息 page:list title:产品信息]] title:基础资料] map[subMenus:[map[module:外销合同 page:list title:外销合同] map[module:采购合同 page:list title:采购合同]] title:业务相关]]]
2022-08-10T16:13:39.109+0800	INFO	server/gin.go:166	map[AllMenus:[map[icon:home-outlined page:home title:首页] map[icon:user-outlined subMenus:[map[icon:team-outlined module:客户信息 page:list title:客户信息] map[module:工厂信息 page:list title:工厂信息] map[icon:database-outlined module:产品信息 page:list title:产品信息]] title:基础资料] map[subMenus:[map[module:外销合同 page:list title:外销合同] map[module:采购合同 page:list title:采购合同]] title:业务相关]]]
2022-08-10T16:16:34.260+0800	INFO	server/gin.go:166	map[AllMenus:[map[icon:home-outlined page:home title:首页] map[icon:user-outlined subMenus:[map[icon:team-outlined module:客户信息 page:list title:客户信息] map[module:工厂信息 page:list title:工厂信息] map[icon:database-outlined module:产品信息 page:list title:产品信息]] title:基础资料] map[subMenus:[map[module:外销合同 page:list title:外销合同] map[module:采购合同 page:list title:采购合同]] title:业务相关]]]
2022-08-10T16:16:45.890+0800	INFO	server/gin.go:166	map[AllMenus:[map[icon:home-outlined page:home title:首页] map[icon:user-outlined subMenus:[map[icon:team-outlined module:客户信息 page:list title:客户信息] map[module:工厂信息 page:list title:工厂信息] map[icon:database-outlined module:产品信息 page:list title:产品信息]] title:基础资料] map[subMenus:[map[module:外销合同 page:list title:外销合同] map[module:采购合同 page:list title:采购合同]] title:业务相关]]]
